Config file /home/ben/Git/JRC_seeker/sample_data/test_config.json is extended by additional config specified via the command line.
Building DAG of jobs...
Using shell: /bin/bash
Provided cores: 1 (use --cores to define parallelism)
Rules claiming more threads will be scaled down.
Job stats:
job                 count    min threads    max threads
----------------  -------  -------------  -------------
all                     1              1              1
binarize                1              1              1
binokulars              1              1              1
binpolish               1              1              1
epiread                 1              1              1
format_meth_data        1              1              1
label_states            1              1              1
learnmodel              1              1              1
meth_info               1              1              1
pileup                  1              1              1
process_epiread         1              1              1
total                  11              1              1

Select jobs to execute...

[Tue Jan 31 16:01:09 2023]
rule pileup:
    input: /home/ben/Git/JRC_seeker/sample_data/sample_data.bam, /home/ben/Git/JRC_seeker/sample_data/reference_genome/chr12.fa
    output: /media/ben/DATA/Ben/13_JRC/test_JRC_seeker/biscuit_output/my_pileup.vcf.gz
    jobid: 7
    reason: Missing output files: /media/ben/DATA/Ben/13_JRC/test_JRC_seeker/biscuit_output/my_pileup.vcf.gz
    resources: tmpdir=/tmp

[Tue Jan 31 16:01:09 2023]
Error in rule pileup:
    jobid: 7
    input: /home/ben/Git/JRC_seeker/sample_data/sample_data.bam, /home/ben/Git/JRC_seeker/sample_data/reference_genome/chr12.fa
    output: /media/ben/DATA/Ben/13_JRC/test_JRC_seeker/biscuit_output/my_pileup.vcf.gz
    shell:
        
		cd /media/ben/DATA/Ben/13_JRC/test_JRC_seeker
		mkdir -p biscuit_output
		mkdir -p binpolish/assets
		mkdir -p chromhmm/input_files
		mkdir -p chromhmm/output_files
		mkdir -p binokulars_output
		if [[ "chr20" != "none" ]]; then
			biscuit pileup -g chr20 -o /media/ben/DATA/Ben/13_JRC/test_JRC_seeker/biscuit_output/my_pileup.vcf /home/ben/Git/JRC_seeker/sample_data/reference_genome/chr12.fa /home/ben/Git/JRC_seeker/sample_data/sample_data.bam	
		else
			biscuit pileup -o /media/ben/DATA/Ben/13_JRC/test_JRC_seeker/biscuit_output/my_pileup.vcf /home/ben/Git/JRC_seeker/sample_data/reference_genome/chr12.fa /home/ben/Git/JRC_seeker/sample_data/sample_data.bam
		fi
		bgzip /media/ben/DATA/Ben/13_JRC/test_JRC_seeker/biscuit_output/my_pileup.vcf
		tabix -p vcf /media/ben/DATA/Ben/13_JRC/test_JRC_seeker/biscuit_output/my_pileup.vcf.gz
		
        (one of the commands exited with non-zero exit code; note that snakemake uses bash strict mode!)

Shutting down, this might take some time.
Exiting because a job execution failed. Look above for error message
Complete log: .snakemake/log/2023-01-31T160109.082529.snakemake.log
