Config file /home/ben/Git/JRC_seeker/sample_data/test_config.json is extended by additional config specified via the command line.
Building DAG of jobs...
Using shell: /bin/bash
Provided cores: 1 (use --cores to define parallelism)
Rules claiming more threads will be scaled down.
Job stats:
job                 count    min threads    max threads
----------------  -------  -------------  -------------
all                     1              1              1
binarize                1              1              1
binokulars              1              1              1
binpolish               1              1              1
epiread                 1              1              1
format_meth_data        1              1              1
label_states            1              1              1
learnmodel              1              1              1
meth_info               1              1              1
pileup                  1              1              1
process_epiread         1              1              1
total                  11              1              1

Select jobs to execute...

[Tue Jan 31 14:59:30 2023]
rule pileup:
    input: /home/ben/Git/JRC_seeker/sample_data/sample_data.bam, /home/ben/Git/JRC_seeker/sample_data/reference_genome/chr20.fa
    output: /media/ben/DATA/Ben/13_JRC/test_JRC_seeker/biscuit_output/my_pileup.vcf.gz
    jobid: 7
    reason: Missing output files: /media/ben/DATA/Ben/13_JRC/test_JRC_seeker/biscuit_output/my_pileup.vcf.gz
    resources: tmpdir=/tmp

[Tue Jan 31 14:59:48 2023]
Finished job 7.
1 of 11 steps (9%) done
Select jobs to execute...

[Tue Jan 31 14:59:48 2023]
rule meth_info:
    input: /home/ben/Git/JRC_seeker/sample_data/reference_genome/chr20.fa, /media/ben/DATA/Ben/13_JRC/test_JRC_seeker/biscuit_output/my_pileup.vcf.gz
    output: /media/ben/DATA/Ben/13_JRC/test_JRC_seeker/biscuit_output/meth_info.bed
    jobid: 6
    reason: Missing output files: /media/ben/DATA/Ben/13_JRC/test_JRC_seeker/biscuit_output/meth_info.bed; Input files updated by another job: /media/ben/DATA/Ben/13_JRC/test_JRC_seeker/biscuit_output/my_pileup.vcf.gz
    resources: tmpdir=/tmp

[Tue Jan 31 15:00:01 2023]
Finished job 6.
2 of 11 steps (18%) done
Select jobs to execute...

[Tue Jan 31 15:00:01 2023]
rule epiread:
    input: /media/ben/DATA/Ben/13_JRC/test_JRC_seeker/biscuit_output/my_pileup.vcf.gz
    output: /media/ben/DATA/Ben/13_JRC/test_JRC_seeker/biscuit_output/test_run.epiread, /media/ben/DATA/Ben/13_JRC/test_JRC_seeker/biscuit_output/test_run_snps.bed
    jobid: 10
    reason: Missing output files: /media/ben/DATA/Ben/13_JRC/test_JRC_seeker/biscuit_output/test_run.epiread; Input files updated by another job: /media/ben/DATA/Ben/13_JRC/test_JRC_seeker/biscuit_output/my_pileup.vcf.gz
    resources: tmpdir=/tmp

[Tue Jan 31 15:00:16 2023]
Finished job 10.
3 of 11 steps (27%) done
Select jobs to execute...

[Tue Jan 31 15:00:16 2023]
rule process_epiread:
    input: /media/ben/DATA/Ben/13_JRC/test_JRC_seeker/biscuit_output/test_run.epiread
    output: /media/ben/DATA/Ben/13_JRC/test_JRC_seeker/binokulars_output/CHR/chr20
    jobid: 9
    reason: Missing output files: /media/ben/DATA/Ben/13_JRC/test_JRC_seeker/binokulars_output/CHR/chr20; Input files updated by another job: /media/ben/DATA/Ben/13_JRC/test_JRC_seeker/biscuit_output/test_run.epiread
    resources: tmpdir=/tmp

[Tue Jan 31 15:00:16 2023]
Finished job 9.
4 of 11 steps (36%) done
Select jobs to execute...

[Tue Jan 31 15:00:16 2023]
rule format_meth_data:
    input: /media/ben/DATA/Ben/13_JRC/test_JRC_seeker/biscuit_output/meth_info.bed
    output: /media/ben/DATA/Ben/13_JRC/test_JRC_seeker/biscuit_output/methylation_data.bed, /media/ben/DATA/Ben/13_JRC/test_JRC_seeker/biscuit_output/methylated_track.bed, /media/ben/DATA/Ben/13_JRC/test_JRC_seeker/biscuit_output/unmethylated_track.bed
    jobid: 5
    reason: Missing output files: /media/ben/DATA/Ben/13_JRC/test_JRC_seeker/biscuit_output/methylation_data.bed; Input files updated by another job: /media/ben/DATA/Ben/13_JRC/test_JRC_seeker/biscuit_output/meth_info.bed
    resources: tmpdir=/tmp

[Tue Jan 31 15:00:17 2023]
Finished job 5.
5 of 11 steps (45%) done
Select jobs to execute...

[Tue Jan 31 15:00:17 2023]
rule binarize:
    input: /media/ben/DATA/Ben/13_JRC/test_JRC_seeker/biscuit_output/methylation_data.bed
    output: /media/ben/DATA/Ben/13_JRC/test_JRC_seeker/chromhmm/input_files/test_run_chr20_binary.txt
    jobid: 4
    reason: Missing output files: /media/ben/DATA/Ben/13_JRC/test_JRC_seeker/chromhmm/input_files/test_run_chr20_binary.txt; Input files updated by another job: /media/ben/DATA/Ben/13_JRC/test_JRC_seeker/biscuit_output/methylation_data.bed
    resources: tmpdir=/tmp

[Tue Jan 31 15:00:18 2023]
Error in rule binarize:
    jobid: 4
    input: /media/ben/DATA/Ben/13_JRC/test_JRC_seeker/biscuit_output/methylation_data.bed
    output: /media/ben/DATA/Ben/13_JRC/test_JRC_seeker/chromhmm/input_files/test_run_chr20_binary.txt
    shell:
        
		python scripts/binarize.py -i /media/ben/DATA/Ben/13_JRC/test_JRC_seeker/biscuit_output/methylation_data.bed -b 200 -l 0.2 -u 0.8 -s test_run -d left -t /media/ben/DATA/Ben/13_JRC/test_JRC_seeker/tmp -k 3 -c /home/ben/opt/ChromHMM/CHROMSIZES/hg38.txt -o /media/ben/DATA/Ben/13_JRC/test_JRC_seeker/chromhmm/input_files
		
        (one of the commands exited with non-zero exit code; note that snakemake uses bash strict mode!)

Shutting down, this might take some time.
Exiting because a job execution failed. Look above for error message
Complete log: .snakemake/log/2023-01-31T145930.015055.snakemake.log
